2023-07-27 08:41:01,914 [INFO] api: ProfileUpdateDestroyView: [POST] 요청
2023-07-27 08:41:02,123 [INFO] api: ProfileUpdateDestroyView: [GET] 요청
2023-07-27 08:41:02,333 [INFO] api: ProfileUpdateDestroyView: [DELETE] 요청
2023-07-27 08:41:02,544 [INFO] api: ProfileUpdateDestroyView: [GET] 요청
2023-07-27 08:41:02,766 [WARNING] django.request: Not Found: /api/profiles/remove-label/
2023-07-27 08:41:02,981 [WARNING] django.request: Unauthorized: /api/profiles
2023-07-27 08:41:03,191 [WARNING] django.request: Unauthorized: /api/profiles
2023-07-27 08:47:40,360 [INFO] api: ProfileUpdateDestroyView: [POST] 요청
2023-07-27 08:47:40,570 [INFO] api: ProfileUpdateDestroyView: [GET] 요청
2023-07-27 08:47:40,782 [INFO] api: ProfileUpdateDestroyView: [DELETE] 요청
2023-07-27 08:47:40,991 [INFO] api: ProfileUpdateDestroyView: [GET] 요청
2023-07-27 08:47:41,206 [WARNING] django.request: Not Found: /api/profiles/remove-label/
2023-07-27 08:49:54,788 [INFO] api: ProfileUpdateDestroyView: [POST] 요청
2023-07-27 08:49:54,997 [INFO] api: ProfileUpdateDestroyView: [GET] 요청
2023-07-27 08:49:55,208 [INFO] api: ProfileUpdateDestroyView: [DELETE] 요청
2023-07-27 08:49:55,417 [INFO] api: ProfileUpdateDestroyView: [GET] 요청
2023-07-27 08:49:55,631 [WARNING] django.request: Not Found: /api/profiles/remove-label/
2023-07-27 08:49:55,848 [WARNING] django.request: Unauthorized: /api/profiles
2023-07-27 08:49:56,056 [WARNING] django.request: Unauthorized: /api/profiles
2023-07-27 08:50:15,458 [INFO] api: ProfileUpdateDestroyView: [POST] 요청
2023-07-27 08:50:15,668 [INFO] api: ProfileUpdateDestroyView: [GET] 요청
2023-07-27 08:50:15,878 [INFO] api: ProfileUpdateDestroyView: [DELETE] 요청
2023-07-27 08:50:16,088 [INFO] api: ProfileUpdateDestroyView: [GET] 요청
2023-07-27 08:50:16,302 [WARNING] django.request: Not Found: /api/profiles/remove-label/
2023-07-27 08:50:16,518 [WARNING] django.request: Unauthorized: /api/profiles
2023-07-27 08:50:16,726 [WARNING] django.request: Unauthorized: /api/profiles
2023-07-27 08:51:32,907 [INFO] api: ProfileUpdateDestroyView: [POST] 요청
2023-07-27 08:51:33,116 [INFO] api: ProfileUpdateDestroyView: [GET] 요청
2023-07-27 08:51:33,326 [INFO] api: ProfileUpdateDestroyView: [DELETE] 요청
2023-07-27 08:51:33,536 [INFO] api: ProfileUpdateDestroyView: [GET] 요청
2023-07-27 08:51:33,750 [WARNING] django.request: Not Found: /api/profiles/remove-label/
2023-07-27 08:51:33,861 [WARNING] django.request: Unauthorized: /api/profiles
2023-07-27 08:51:33,963 [WARNING] django.request: Unauthorized: /api/profiles
